0 verbose cli /Users/andflorezr/.nvm/versions/node/v25.3.0/bin/node /Users/andflorezr/.nvm/versions/node/v25.3.0/bin/npm
1 info using npm@11.17.0
2 info using node@v25.3.0
3 silly config load:file:/Users/andflorezr/.nvm/versions/node/v25.3.0/lib/node_modules/npm/npmrc
4 silly config load:file:/Users/andflorezr/Documents/andersson/camp_score/.npmrc
5 silly config load:file:/Users/andflorezr/.npmrc
6 silly config load:file:/Users/andflorezr/.nvm/versions/node/v25.3.0/etc/npmrc
7 verbose title npm install @prisma/adapter-libsql @libsql/client
8 verbose argv "install" "@prisma/adapter-libsql" "@libsql/client"
9 verbose logfile logs-max:10 dir:/Users/andflorezr/Documents/andersson/camp_score/.npm-cache/_logs/2026-07-12T22_19_10_531Z-
10 verbose logfile /Users/andflorezr/Documents/andersson/camp_score/.npm-cache/_logs/2026-07-12T22_19_10_531Z-debug-0.log
11 silly logfile done cleaning log files
12 silly packumentCache heap:4496293888 maxSize:1124073472 maxEntrySize:562036736
13 silly idealTree buildDeps
14 silly fetch manifest @prisma/adapter-libsql@*
15 silly packumentCache full:https://registry.npmjs.org/@prisma%2fadapter-libsql cache-miss
16 http fetch GET 200 https://registry.npmjs.org/npm 229ms
17 http fetch GET 200 https://registry.npmjs.org/@prisma%2fadapter-libsql 624ms (cache miss)
18 silly packumentCache full:https://registry.npmjs.org/@prisma%2fadapter-libsql set size:undefined disposed:false
19 silly fetch manifest @libsql/client@*
20 silly packumentCache full:https://registry.npmjs.org/@libsql%2fclient cache-miss
21 http fetch GET 200 https://registry.npmjs.org/@libsql%2fclient 37ms (cache miss)
22 silly packumentCache full:https://registry.npmjs.org/@libsql%2fclient set size:undefined disposed:false
23 silly placeDep ROOT @libsql/client@0.17.4 OK for: camp-score@1.0.0 want: *
24 silly placeDep ROOT @prisma/adapter-libsql@7.8.0 OK for: camp-score@1.0.0 want: *
25 silly fetch manifest @libsql/core@^0.17.4
26 silly packumentCache full:https://registry.npmjs.org/@libsql%2fcore cache-miss
27 silly fetch manifest @libsql/hrana-client@^0.10.0
28 silly packumentCache full:https://registry.npmjs.org/@libsql%2fhrana-client cache-miss
29 silly fetch manifest js-base64@^3.7.5
30 silly packumentCache full:https://registry.npmjs.org/js-base64 cache-miss
31 silly fetch manifest libsql@^0.5.28
32 silly packumentCache full:https://registry.npmjs.org/libsql cache-miss
33 silly fetch manifest promise-limit@^2.7.0
34 silly packumentCache full:https://registry.npmjs.org/promise-limit cache-miss
35 silly fetch manifest async-mutex@0.5.0
36 silly packumentCache full:https://registry.npmjs.org/async-mutex cache-miss
37 silly fetch manifest @prisma/driver-adapter-utils@7.8.0
38 silly packumentCache full:https://registry.npmjs.org/@prisma%2fdriver-adapter-utils cache-miss
39 http fetch GET 200 https://registry.npmjs.org/async-mutex 215ms (cache miss)
40 silly packumentCache full:https://registry.npmjs.org/async-mutex set size:undefined disposed:false
41 http fetch GET 200 https://registry.npmjs.org/js-base64 218ms (cache miss)
42 silly packumentCache full:https://registry.npmjs.org/js-base64 set size:undefined disposed:false
43 http fetch GET 200 https://registry.npmjs.org/promise-limit 219ms (cache miss)
44 silly packumentCache full:https://registry.npmjs.org/promise-limit set size:undefined disposed:false
45 http fetch GET 200 https://registry.npmjs.org/libsql 220ms (cache miss)
46 silly packumentCache full:https://registry.npmjs.org/libsql set size:undefined disposed:false
47 http fetch GET 200 https://registry.npmjs.org/@libsql%2fhrana-client 410ms (cache miss)
48 silly packumentCache full:https://registry.npmjs.org/@libsql%2fhrana-client set size:undefined disposed:false
49 http fetch GET 200 https://registry.npmjs.org/@libsql%2fcore 415ms (cache miss)
50 silly packumentCache full:https://registry.npmjs.org/@libsql%2fcore set size:undefined disposed:false
51 http fetch GET 200 https://registry.npmjs.org/@prisma%2fdriver-adapter-utils 596ms (cache miss)
52 silly packumentCache full:https://registry.npmjs.org/@prisma%2fdriver-adapter-utils set size:undefined disposed:false
53 silly placeDep ROOT @libsql/core@0.17.4 OK for: @libsql/client@0.17.4 want: ^0.17.4
54 silly placeDep ROOT @libsql/hrana-client@0.10.0 OK for: @libsql/client@0.17.4 want: ^0.10.0
55 silly placeDep ROOT js-base64@3.8.1 OK for: @libsql/client@0.17.4 want: ^3.7.5
56 silly placeDep ROOT libsql@0.5.29 OK for: @libsql/client@0.17.4 want: ^0.5.28
57 silly placeDep ROOT promise-limit@2.7.0 OK for: @libsql/client@0.17.4 want: ^2.7.0
58 silly fetch manifest @libsql/isomorphic-ws@^0.1.5
59 silly packumentCache full:https://registry.npmjs.org/@libsql%2fisomorphic-ws cache-miss
60 silly fetch manifest detect-libc@2.0.2
61 silly packumentCache full:https://registry.npmjs.org/detect-libc cache-miss
62 silly fetch manifest @neon-rs/load@^0.0.4
63 silly packumentCache full:https://registry.npmjs.org/@neon-rs%2fload cache-miss
64 silly fetch manifest @libsql/darwin-x64@0.5.29
65 silly packumentCache full:https://registry.npmjs.org/@libsql%2fdarwin-x64 cache-miss
66 silly fetch manifest @libsql/darwin-arm64@0.5.29
67 silly packumentCache full:https://registry.npmjs.org/@libsql%2fdarwin-arm64 cache-miss
68 silly fetch manifest @libsql/linux-x64-gnu@0.5.29
69 silly packumentCache full:https://registry.npmjs.org/@libsql%2flinux-x64-gnu cache-miss
70 silly fetch manifest @libsql/linux-x64-musl@0.5.29
71 silly packumentCache full:https://registry.npmjs.org/@libsql%2flinux-x64-musl cache-miss
72 silly fetch manifest @libsql/win32-x64-msvc@0.5.29
73 silly packumentCache full:https://registry.npmjs.org/@libsql%2fwin32-x64-msvc cache-miss
74 silly fetch manifest @libsql/linux-arm64-gnu@0.5.29
75 silly packumentCache full:https://registry.npmjs.org/@libsql%2flinux-arm64-gnu cache-miss
76 silly fetch manifest @libsql/linux-arm64-musl@0.5.29
77 silly packumentCache full:https://registry.npmjs.org/@libsql%2flinux-arm64-musl cache-miss
78 http fetch GET 200 https://registry.npmjs.org/detect-libc 23ms (cache miss)
79 silly packumentCache full:https://registry.npmjs.org/detect-libc set size:undefined disposed:false
80 silly fetch manifest @libsql/linux-arm-gnueabihf@0.5.29
81 silly packumentCache full:https://registry.npmjs.org/@libsql%2flinux-arm-gnueabihf cache-miss
82 http fetch GET 200 https://registry.npmjs.org/@libsql%2fdarwin-arm64 398ms (cache miss)
83 silly packumentCache full:https://registry.npmjs.org/@libsql%2fdarwin-arm64 set size:undefined disposed:false
84 silly fetch manifest @libsql/linux-arm-musleabihf@0.5.29
85 silly packumentCache full:https://registry.npmjs.org/@libsql%2flinux-arm-musleabihf cache-miss
86 http fetch GET 200 https://registry.npmjs.org/@libsql%2flinux-x64-gnu 415ms (cache miss)
87 silly packumentCache full:https://registry.npmjs.org/@libsql%2flinux-x64-gnu set size:undefined disposed:false
88 http fetch GET 200 https://registry.npmjs.org/@libsql%2fdarwin-x64 417ms (cache miss)
89 silly packumentCache full:https://registry.npmjs.org/@libsql%2fdarwin-x64 set size:undefined disposed:false
90 http fetch GET 200 https://registry.npmjs.org/@neon-rs%2fload 423ms (cache miss)
91 silly packumentCache full:https://registry.npmjs.org/@neon-rs%2fload set size:undefined disposed:false
92 http fetch GET 200 https://registry.npmjs.org/@libsql%2flinux-arm-gnueabihf 401ms (cache miss)
93 silly packumentCache full:https://registry.npmjs.org/@libsql%2flinux-arm-gnueabihf set size:undefined disposed:false
94 http fetch GET 200 https://registry.npmjs.org/@libsql%2flinux-x64-musl 430ms (cache miss)
95 silly packumentCache full:https://registry.npmjs.org/@libsql%2flinux-x64-musl set size:undefined disposed:false
96 http fetch GET 200 https://registry.npmjs.org/@libsql%2fisomorphic-ws 449ms (cache miss)
97 silly packumentCache full:https://registry.npmjs.org/@libsql%2fisomorphic-ws set size:undefined disposed:false
98 http fetch GET 200 https://registry.npmjs.org/@libsql%2flinux-arm64-gnu 472ms (cache miss)
99 silly packumentCache full:https://registry.npmjs.org/@libsql%2flinux-arm64-gnu set size:undefined disposed:false
100 http fetch GET 200 https://registry.npmjs.org/@libsql%2fwin32-x64-msvc 475ms (cache miss)
101 silly packumentCache full:https://registry.npmjs.org/@libsql%2fwin32-x64-msvc set size:undefined disposed:false
102 http fetch GET 200 https://registry.npmjs.org/@libsql%2flinux-arm64-musl 483ms (cache miss)
103 silly packumentCache full:https://registry.npmjs.org/@libsql%2flinux-arm64-musl set size:undefined disposed:false
104 http fetch GET 200 https://registry.npmjs.org/@libsql%2flinux-arm-musleabihf 435ms (cache miss)
105 silly packumentCache full:https://registry.npmjs.org/@libsql%2flinux-arm-musleabihf set size:undefined disposed:false
106 silly placeDep ROOT @libsql/isomorphic-ws@0.1.5 OK for: @libsql/hrana-client@0.10.0 want: ^0.1.5
107 silly fetch manifest ws@^8.13.0
108 silly packumentCache full:https://registry.npmjs.org/ws cache-miss
109 silly fetch manifest @types/ws@^8.5.4
110 silly packumentCache full:https://registry.npmjs.org/@types%2fws cache-miss
111 http fetch GET 200 https://registry.npmjs.org/@types%2fws 32ms (cache miss)
112 silly packumentCache full:https://registry.npmjs.org/@types%2fws set size:undefined disposed:false
113 http fetch GET 200 https://registry.npmjs.org/ws 33ms (cache miss)
114 silly packumentCache full:https://registry.npmjs.org/ws set size:undefined disposed:false
115 silly fetch manifest bufferutil@^4.0.1
116 silly packumentCache full:https://registry.npmjs.org/bufferutil cache-miss
117 http fetch GET 200 https://registry.npmjs.org/bufferutil 24ms (cache miss)
118 silly packumentCache full:https://registry.npmjs.org/bufferutil set size:undefined disposed:false
119 silly fetch manifest utf-8-validate@>=5.0.2
120 silly packumentCache full:https://registry.npmjs.org/utf-8-validate cache-miss
121 http fetch GET 200 https://registry.npmjs.org/utf-8-validate 21ms (cache miss)
122 silly packumentCache full:https://registry.npmjs.org/utf-8-validate set size:undefined disposed:false
123 silly placeDep ROOT @types/ws@8.18.1 OK for: @libsql/isomorphic-ws@0.1.5 want: ^8.5.4
124 silly placeDep ROOT ws@8.21.0 OK for: @libsql/isomorphic-ws@0.1.5 want: ^8.13.0
125 silly placeDep ROOT @prisma/driver-adapter-utils@7.8.0 OK for: @prisma/adapter-libsql@7.8.0 want: 7.8.0
126 silly placeDep ROOT async-mutex@0.5.0 OK for: @prisma/adapter-libsql@7.8.0 want: 0.5.0
127 silly fetch manifest @prisma/debug@7.8.0
128 silly packumentCache full:https://registry.npmjs.org/@prisma%2fdebug cache-miss
129 http fetch GET 200 https://registry.npmjs.org/@prisma%2fdebug 730ms (cache miss)
130 silly packumentCache full:https://registry.npmjs.org/@prisma%2fdebug set size:undefined disposed:false
131 silly placeDep node_modules/@prisma/driver-adapter-utils @prisma/debug@7.8.0 OK for: @prisma/driver-adapter-utils@7.8.0 want: 7.8.0
132 silly placeDep ROOT @libsql/darwin-arm64@0.5.29 OK for: libsql@0.5.29 want: 0.5.29
133 silly placeDep ROOT @libsql/darwin-x64@0.5.29 OK for: libsql@0.5.29 want: 0.5.29
134 silly placeDep ROOT @libsql/linux-arm-gnueabihf@0.5.29 OK for: libsql@0.5.29 want: 0.5.29
135 silly placeDep ROOT @libsql/linux-arm-musleabihf@0.5.29 OK for: libsql@0.5.29 want: 0.5.29
136 silly placeDep ROOT @libsql/linux-arm64-gnu@0.5.29 OK for: libsql@0.5.29 want: 0.5.29
137 silly placeDep ROOT @libsql/linux-arm64-musl@0.5.29 OK for: libsql@0.5.29 want: 0.5.29
138 silly placeDep ROOT @libsql/linux-x64-gnu@0.5.29 OK for: libsql@0.5.29 want: 0.5.29
139 silly placeDep ROOT @libsql/linux-x64-musl@0.5.29 OK for: libsql@0.5.29 want: 0.5.29
140 silly placeDep ROOT @libsql/win32-x64-msvc@0.5.29 OK for: libsql@0.5.29 want: 0.5.29
141 silly placeDep ROOT @neon-rs/load@0.0.4 OK for: libsql@0.5.29 want: ^0.0.4
142 silly placeDep node_modules/libsql detect-libc@2.0.2 OK for: libsql@0.5.29 want: 2.0.2
143 silly reify moves {}
144 silly audit bulk request {
144 silly audit   '@alloc/quick-lru': [ '5.2.0' ],
144 silly audit   '@emnapi/core': [ '1.10.0' ],
144 silly audit   '@emnapi/runtime': [ '1.11.2', '1.10.0' ],
144 silly audit   '@emnapi/wasi-threads': [ '1.2.1' ],
144 silly audit   '@esbuild/aix-ppc64': [ '0.28.1' ],
144 silly audit   '@esbuild/android-arm': [ '0.28.1' ],
144 silly audit   '@esbuild/android-arm64': [ '0.28.1' ],
144 silly audit   '@esbuild/android-x64': [ '0.28.1' ],
144 silly audit   '@esbuild/darwin-arm64': [ '0.28.1' ],
144 silly audit   '@esbuild/darwin-x64': [ '0.28.1' ],
144 silly audit   '@esbuild/freebsd-arm64': [ '0.28.1' ],
144 silly audit   '@esbuild/freebsd-x64': [ '0.28.1' ],
144 silly audit   '@esbuild/linux-arm': [ '0.28.1' ],
144 silly audit   '@esbuild/linux-arm64': [ '0.28.1' ],
144 silly audit   '@esbuild/linux-ia32': [ '0.28.1' ],
144 silly audit   '@esbuild/linux-loong64': [ '0.28.1' ],
144 silly audit   '@esbuild/linux-mips64el': [ '0.28.1' ],
144 silly audit   '@esbuild/linux-ppc64': [ '0.28.1' ],
144 silly audit   '@esbuild/linux-riscv64': [ '0.28.1' ],
144 silly audit   '@esbuild/linux-s390x': [ '0.28.1' ],
144 silly audit   '@esbuild/linux-x64': [ '0.28.1' ],
144 silly audit   '@esbuild/netbsd-arm64': [ '0.28.1' ],
144 silly audit   '@esbuild/netbsd-x64': [ '0.28.1' ],
144 silly audit   '@esbuild/openbsd-arm64': [ '0.28.1' ],
144 silly audit   '@esbuild/openbsd-x64': [ '0.28.1' ],
144 silly audit   '@esbuild/openharmony-arm64': [ '0.28.1' ],
144 silly audit   '@esbuild/sunos-x64': [ '0.28.1' ],
144 silly audit   '@esbuild/win32-arm64': [ '0.28.1' ],
144 silly audit   '@esbuild/win32-ia32': [ '0.28.1' ],
144 silly audit   '@esbuild/win32-x64': [ '0.28.1' ],
144 silly audit   '@eslint-community/eslint-utils': [ '4.9.1' ],
144 silly audit   'eslint-visitor-keys': [ '3.4.3', '5.0.1', '4.2.1' ],
144 silly audit   '@eslint-community/regexpp': [ '4.12.2' ],
144 silly audit   '@eslint/config-array': [ '0.21.2' ],
144 silly audit   '@eslint/config-helpers': [ '0.4.2' ],
144 silly audit   '@eslint/core': [ '0.17.0' ],
144 silly audit   '@eslint/eslintrc': [ '3.3.6' ],
144 silly audit   '@eslint/js': [ '9.39.5' ],
144 silly audit   '@eslint/object-schema': [ '2.1.7' ],
144 silly audit   '@eslint/plugin-kit': [ '0.4.1' ],
144 silly audit   '@floating-ui/core': [ '1.8.0' ],
144 silly audit   '@floating-ui/dom': [ '1.8.0' ],
144 silly audit   '@floating-ui/react-dom': [ '2.1.9' ],
144 silly audit   '@floating-ui/utils': [ '0.2.12' ],
144 silly audit   '@hookform/resolvers': [ '4.1.3' ],
144 silly audit   '@humanfs/core': [ '0.19.2' ],
144 silly audit   '@humanfs/node': [ '0.16.8' ],
144 silly audit   '@humanfs/types': [ '0.15.0' ],
144 silly audit   '@humanwhocodes/module-importer': [ '1.0.1' ],
144 silly audit   '@humanwhocodes/retry': [ '0.4.3' ],
144 silly audit   '@img/colour': [ '1.1.0' ],
144 silly audit   '@img/sharp-darwin-arm64': [ '0.34.5' ],
144 silly audit   '@img/sharp-darwin-x64': [ '0.34.5' ],
144 silly audit   '@img/sharp-libvips-darwin-arm64': [ '1.2.4' ],
144 silly audit   '@img/sharp-libvips-darwin-x64': [ '1.2.4' ],
144 silly audit   '@img/sharp-libvips-linux-arm': [ '1.2.4' ],
144 silly audit   '@img/sharp-libvips-linux-arm64': [ '1.2.4' ],
144 silly audit   '@img/sharp-libvips-linux-ppc64': [ '1.2.4' ],
144 silly audit   '@img/sharp-libvips-linux-riscv64': [ '1.2.4' ],
144 silly audit   '@img/sharp-libvips-linux-s390x': [ '1.2.4' ],
144 silly audit   '@img/sharp-libvips-linux-x64': [ '1.2.4' ],
144 silly audit   '@img/sharp-libvips-linuxmusl-arm64': [ '1.2.4' ],
144 silly audit   '@img/sharp-libvips-linuxmusl-x64': [ '1.2.4' ],
144 silly audit   '@img/sharp-linux-arm': [ '0.34.5' ],
144 silly audit   '@img/sharp-linux-arm64': [ '0.34.5' ],
144 silly audit   '@img/sharp-linux-ppc64': [ '0.34.5' ],
144 silly audit   '@img/sharp-linux-riscv64': [ '0.34.5' ],
144 silly audit   '@img/sharp-linux-s390x': [ '0.34.5' ],
144 silly audit   '@img/sharp-linux-x64': [ '0.34.5' ],
144 silly audit   '@img/sharp-linuxmusl-arm64': [ '0.34.5' ],
144 silly audit   '@img/sharp-linuxmusl-x64': [ '0.34.5' ],
144 silly audit   '@img/sharp-wasm32': [ '0.34.5' ],
144 silly audit   '@img/sharp-win32-arm64': [ '0.34.5' ],
144 silly audit   '@img/sharp-win32-ia32': [ '0.34.5' ],
144 silly audit   '@img/sharp-win32-x64': [ '0.34.5' ],
144 silly audit   '@jridgewell/gen-mapping': [ '0.3.13' ],
144 silly audit   '@jridgewell/remapping': [ '2.3.5' ],
144 silly audit   '@jridgewell/resolve-uri': [ '3.1.2' ],
144 silly audit   '@jridgewell/sourcemap-codec': [ '1.5.5' ],
144 silly audit   '@jridgewell/trace-mapping': [ '0.3.31' ],
144 silly audit   '@napi-rs/wasm-runtime': [ '1.1.6' ],
144 silly audit   '@next/env': [ '15.5.20' ],
144 silly audit   '@next/eslint-plugin-next': [ '15.5.20' ],
144 silly audit   '@next/swc-darwin-arm64': [ '15.5.20' ],
144 silly audit   '@next/swc-darwin-x64': [ '15.5.20' ],
144 silly audit   '@next/swc-linux-arm64-gnu': [ '15.5.20' ],
144 silly audit   '@next/swc-linux-arm64-musl': [ '15.5.20' ],
144 silly audit   '@next/swc-linux-x64-gnu': [ '15.5.20' ],
144 silly audit   '@next/swc-linux-x64-musl': [ '15.5.20' ],
144 silly audit   '@next/swc-win32-arm64-msvc': [ '15.5.20' ],
144 silly audit   '@next/swc-win32-x64-msvc': [ '15.5.20' ],
144 silly audit   '@nodelib/fs.scandir': [ '2.1.5' ],
144 silly audit   '@nodelib/fs.stat': [ '2.0.5' ],
144 silly audit   '@nodelib/fs.walk': [ '1.2.8' ],
144 silly audit   '@nolyfill/is-core-module': [ '1.0.39' ],
144 silly audit   '@prisma/client': [ '6.19.3' ],
144 silly audit   '@prisma/config': [ '6.19.3' ],
144 silly audit   '@prisma/debug': [ '6.19.3', '7.8.0' ],
144 silly audit   '@prisma/engines': [ '6.19.3' ],
144 silly audit   '@prisma/engines-version': [ '7.1.1-3.c2990dca591cba766e3b7ef5d9e8a84796e47ab7' ],
144 silly audit   '@prisma/fetch-engine': [ '6.19.3' ],
144 silly audit   '@prisma/get-platform': [ '6.19.3' ],
144 silly audit   '@radix-ui/number': [ '1.1.2' ],
144 silly audit   '@radix-ui/primitive': [ '1.1.5' ],
144 silly audit   '@radix-ui/react-alert-dialog': [ '1.1.19' ],
144 silly audit   '@radix-ui/react-arrow': [ '1.1.11' ],
144 silly audit   '@radix-ui/react-collection': [ '1.1.12' ],
144 silly audit   '@radix-ui/react-compose-refs': [ '1.1.3' ],
144 silly audit   '@radix-ui/react-context': [ '1.2.0' ],
144 silly audit   '@radix-ui/react-dialog': [ '1.1.19' ],
144 silly audit   '@radix-ui/react-direction': [ '1.1.2' ],
144 silly audit   '@radix-ui/react-dismissable-layer': [ '1.1.15' ],
144 silly audit   '@radix-ui/react-dropdown-menu': [ '2.1.20' ],
144 silly audit   '@radix-ui/react-focus-guards': [ '1.1.4' ],
144 silly audit   '@radix-ui/react-focus-scope': [ '1.1.12' ],
144 silly audit   '@radix-ui/react-id': [ '1.1.2' ],
144 silly audit   '@radix-ui/react-label': [ '2.1.11' ],
144 silly audit   '@radix-ui/react-menu': [ '2.1.20' ],
144 silly audit   '@radix-ui/react-popper': [ '1.3.3' ],
144 silly audit   '@radix-ui/react-portal': [ '1.1.13' ],
144 silly audit   '@radix-ui/react-presence': [ '1.1.7' ],
144 silly audit   '@radix-ui/react-primitive': [ '2.1.7' ],
144 silly audit   '@radix-ui/react-roving-focus': [ '1.1.15' ],
144 silly audit   '@radix-ui/react-scroll-area': [ '1.2.14' ],
144 silly audit   '@radix-ui/react-select': [ '2.3.3' ],
144 silly audit   '@radix-ui/react-separator': [ '1.1.11' ],
144 silly audit   '@radix-ui/react-slot': [ '1.3.0' ],
144 silly audit   '@radix-ui/react-switch': [ '1.3.3' ],
144 silly audit   '@radix-ui/react-use-callback-ref': [ '1.1.2' ],
144 silly audit   '@radix-ui/react-use-controllable-state': [ '1.2.3' ],
144 silly audit   '@radix-ui/react-use-effect-event': [ '0.0.3' ],
144 silly audit   '@radix-ui/react-use-is-hydrated': [ '0.1.1' ],
144 silly audit   '@radix-ui/react-use-layout-effect': [ '1.1.2' ],
144 silly audit   '@radix-ui/react-use-previous': [ '1.1.2' ],
144 silly audit   '@radix-ui/react-use-rect': [ '1.1.2' ],
144 silly audit   '@radix-ui/react-use-size': [ '1.1.2' ],
144 silly audit   '@radix-ui/react-visually-hidden': [ '1.2.7' ],
144 silly audit   '@radix-ui/rect': [ '1.1.2' ],
144 silly audit   '@rtsao/scc': [ '1.1.0' ],
144 silly audit   '@rushstack/eslint-patch': [ '1.16.1' ],
144 silly audit   '@standard-schema/spec': [ '1.1.0' ],
144 silly audit   '@standard-schema/utils': [ '0.3.0' ],
144 silly audit   '@swc/helpers': [ '0.5.15' ],
144 silly audit   '@tailwindcss/node': [ '4.3.2' ],
144 silly audit   '@tailwindcss/oxide': [ '4.3.2' ],
144 silly audit   '@tailwindcss/oxide-android-arm64': [ '4.3.2' ],
144 silly audit   '@tailwindcss/oxide-darwin-arm64': [ '4.3.2' ],
144 silly audit   '@tailwindcss/oxide-darwin-x64': [ '4.3.2' ],
144 silly audit   '@tailwindcss/oxide-freebsd-x64': [ '4.3.2' ],
144 silly audit   '@tailwindcss/oxide-linux-arm-gnueabihf': [ '4.3.2' ],
144 silly audit   '@tailwindcss/oxide-linux-arm64-gnu': [ '4.3.2' ],
144 silly audit   '@tailwindcss/oxide-linux-arm64-musl': [ '4.3.2' ],
144 silly audit   '@tailwindcss/oxide-linux-x64-gnu': [ '4.3.2' ],
144 silly audit   '@tailwindcss/oxide-linux-x64-musl': [ '4.3.2' ],
144 silly audit   '@tailwindcss/oxide-wasm32-wasi': [ '4.3.2' ],
144 silly audit   '@tailwindcss/oxide-win32-arm64-msvc': [ '4.3.2' ],
144 silly audit   '@tailwindcss/oxide-win32-x64-msvc': [ '4.3.2' ],
144 silly audit   '@tailwindcss/postcss': [ '4.3.2' ],
144 silly audit   '@tybys/wasm-util': [ '0.10.3' ],
144 silly audit   '@types/estree': [ '1.0.9' ],
144 silly audit   '@types/json-schema': [ '7.0.15' ],
144 silly audit   '@types/json5': [ '0.0.29' ],
144 silly audit   '@types/node': [ '24.13.3' ],
144 silly audit   '@types/react': [ '19.2.17' ],
144 silly audit   '@types/react-dom': [ '19.2.3' ],
144 silly audit   '@typescript-eslint/eslint-plugin': [ '8.63.0' ],
144 silly audit   ignore: [ '7.0.6', '5.3.2' ],
144 silly audit   '@typescript-eslint/parser': [ '8.63.0' ],
144 silly audit   '@typescript-eslint/project-service': [ '8.63.0' ],
144 silly audit   '@typescript-eslint/scope-manager': [ '8.63.0' ],
144 silly audit   '@typescript-eslint/tsconfig-utils': [ '8.63.0' ],
144 silly audit   '@typescript-eslint/type-utils': [ '8.63.0' ],
144 silly audit   '@typescript-eslint/types': [ '8.63.0' ],
144 silly audit   '@typescript-eslint/typescript-estree': [ '8.63.0' ],
144 silly audit   'balanced-match': [ '4.0.4', '1.0.2' ],
144 silly audit   'brace-expansion': [ '5.0.7', '1.1.16' ],
144 silly audit   minimatch: [ '10.2.5', '3.1.5' ],
144 silly audit   semver: [ '7.8.5', '6.3.1' ],
144 silly audit   '@typescript-eslint/utils': [ '8.63.0' ],
144 silly audit   '@typescript-eslint/visitor-keys': [ '8.63.0' ],
144 silly audit   '@unrs/resolver-binding-android-arm-eabi': [ '1.12.2' ],
144 silly audit   '@unrs/resolver-binding-android-arm64': [ '1.12.2' ],
144 silly audit   '@unrs/resolver-binding-darwin-arm64': [ '1.12.2' ],
144 silly audit   '@unrs/resolver-binding-darwin-x64': [ '1.12.2' ],
144 silly audit   '@unrs/resolver-binding-freebsd-x64': [ '1.12.2' ],
144 silly audit   '@unrs/resolver-binding-linux-arm-gnueabihf': [ '1.12.2' ],
144 silly audit   '@unrs/resolver-binding-linux-arm-musleabihf': [ '1.12.2' ],
144 silly audit   '@unrs/resolver-binding-linux-arm64-gnu': [ '1.12.2' ],
144 silly audit   '@unrs/resolver-binding-linux-arm64-musl': [ '1.12.2' ],
144 silly audit   '@unrs/resolver-binding-linux-loong64-gnu': [ '1.12.2' ],
144 silly audit   '@unrs/resolver-binding-linux-loong64-musl': [ '1.12.2' ],
144 silly audit   '@unrs/resolver-binding-linux-ppc64-gnu': [ '1.12.2' ],
144 silly audit   '@unrs/resolver-binding-linux-riscv64-gnu': [ '1.12.2' ],
144 silly audit   '@unrs/resolver-binding-linux-riscv64-musl': [ '1.12.2' ],
144 silly audit   '@unrs/resolver-binding-linux-s390x-gnu': [ '1.12.2' ],
144 silly audit   '@unrs/resolver-binding-linux-x64-gnu': [ '1.12.2' ],
144 silly audit   '@unrs/resolver-binding-linux-x64-musl': [ '1.12.2' ],
144 silly audit   '@unrs/resolver-binding-openharmony-arm64': [ '1.12.2' ],
144 silly audit   '@unrs/resolver-binding-wasm32-wasi': [ '1.12.2' ],
144 silly audit   '@unrs/resolver-binding-win32-arm64-msvc': [ '1.12.2' ],
144 silly audit   '@unrs/resolver-binding-win32-ia32-msvc': [ '1.12.2' ],
144 silly audit   '@unrs/resolver-binding-win32-x64-msvc': [ '1.12.2' ],
144 silly audit   acorn: [ '8.17.0' ],
144 silly audit   'acorn-jsx': [ '5.3.2' ],
144 silly audit   ajv: [ '6.15.0' ],
144 silly audit   'ansi-styles': [ '4.3.0' ],
144 silly audit   argparse: [ '2.0.1' ],
144 silly audit   'aria-hidden': [ '1.2.6' ],
144 silly audit   'aria-query': [ '5.3.2' ],
144 silly audit   'array-buffer-byte-length': [ '1.0.2' ],
144 silly audit   'array-includes': [ '3.1.9' ],
144 silly audit   'array.prototype.findlast': [ '1.2.5' ],
144 silly audit   'array.prototype.findlastindex': [ '1.2.6' ],
144 silly audit   'array.prototype.flat': [ '1.3.3' ],
144 silly audit   'array.prototype.flatmap': [ '1.3.3' ],
144 silly audit   'array.prototype.tosorted': [ '1.1.4' ],
144 silly audit   'arraybuffer.prototype.slice': [ '1.0.4' ],
144 silly audit   'ast-types-flow': [ '0.0.8' ],
144 silly audit   'async-function': [ '1.0.0' ],
144 silly audit   'available-typed-arrays': [ '1.0.7' ],
144 silly audit   'axe-core': [ '4.12.1' ],
144 silly audit   'axobject-query': [ '4.1.0' ],
144 silly audit   braces: [ '3.0.3' ],
144 silly audit   c12: [ '3.1.0' ],
144 silly audit   'call-bind': [ '1.0.9' ],
144 silly audit   'call-bind-apply-helpers': [ '1.0.2' ],
144 silly audit   'call-bound': [ '1.0.4' ],
144 silly audit   callsites: [ '3.1.0' ],
144 silly audit   'caniuse-lite': [ '1.0.30001805' ],
144 silly audit   chalk: [ '4.1.2' ],
144 silly audit   chokidar: [ '4.0.3' ],
144 silly audit   citty: [ '0.1.6', '0.2.2' ],
144 silly audit   'class-variance-authority': [ '0.7.1' ],
144 silly audit   'client-only': [ '0.0.1' ],
144 silly audit   clsx: [ '2.1.1' ],
144 silly audit   'color-convert': [ '2.0.1' ],
144 silly audit   'color-name': [ '1.1.4' ],
144 silly audit   'concat-map': [ '0.0.1' ],
144 silly audit   confbox: [ '0.2.4' ],
144 silly audit   consola: [ '3.4.2' ],
144 silly audit   'cross-spawn': [ '7.0.6' ],
144 silly audit   csstype: [ '3.2.3' ],
144 silly audit   'damerau-levenshtein': [ '1.0.8' ],
144 silly audit   'data-view-buffer': [ '1.0.2' ],
144 silly audit   'data-view-byte-length': [ '1.0.2' ],
144 silly audit   'data-view-byte-offset': [ '1.0.1' ],
144 silly audit   'date-fns': [ '4.4.0' ],
144 silly audit   debug: [ '4.4.3', '3.2.7' ],
144 silly audit   'deep-is': [ '0.1.4' ],
144 silly audit   'deepmerge-ts': [ '7.1.5' ],
144 silly audit   'define-data-property': [ '1.1.4' ],
144 silly audit   'define-properties': [ '1.2.1' ],
144 silly audit   defu: [ '6.1.7' ],
144 silly audit   destr: [ '2.0.5' ],
144 silly audit   'detect-libc': [ '2.1.2', '2.0.2' ],
144 silly audit   'detect-node-es': [ '1.1.0' ],
144 silly audit   doctrine: [ '2.1.0' ],
144 silly audit   dotenv: [ '16.6.1' ],
144 silly audit   'dunder-proto': [ '1.0.1' ],
144 silly audit   effect: [ '3.21.0' ],
144 silly audit   'emoji-regex': [ '9.2.2' ],
144 silly audit   empathic: [ '2.0.0' ],
144 silly audit   'enhanced-resolve': [ '5.21.6' ],
144 silly audit   'es-abstract': [ '1.24.2' ],
144 silly audit   'es-abstract-get': [ '1.0.0' ],
144 silly audit   'es-define-property': [ '1.0.1' ],
144 silly audit   'es-errors': [ '1.3.0' ],
144 silly audit   'es-iterator-helpers': [ '1.4.0' ],
144 silly audit   'es-object-atoms': [ '1.1.2' ],
144 silly audit   'es-set-tostringtag': [ '2.1.0' ],
144 silly audit   'es-shim-unscopables': [ '1.1.0' ],
144 silly audit   'es-to-primitive': [ '1.3.4' ],
144 silly audit   esbuild: [ '0.28.1' ],
144 silly audit   'escape-string-regexp': [ '4.0.0' ],
144 silly audit   eslint: [ '9.39.5' ],
144 silly audit   'eslint-config-next': [ '15.5.20' ],
144 silly audit   'eslint-import-resolver-node': [ '0.3.10' ],
144 silly audit   'eslint-import-resolver-typescript': [ '3.10.1' ],
144 silly audit   'eslint-module-utils': [ '2.14.0' ],
144 silly audit   'eslint-plugin-import': [ '2.32.0' ],
144 silly audit   'eslint-plugin-jsx-a11y': [ '6.10.2' ],
144 silly audit   'eslint-plugin-react': [ '7.37.5' ],
144 silly audit   'eslint-plugin-react-hooks': [ '5.2.0' ],
144 silly audit   'eslint-scope': [ '8.4.0' ],
144 silly audit   espree: [ '10.4.0' ],
144 silly audit   esquery: [ '1.7.0' ],
144 silly audit   esrecurse: [ '4.3.0' ],
144 silly audit   estraverse: [ '5.3.0' ],
144 silly audit   esutils: [ '2.0.3' ],
144 silly audit   exsolve: [ '1.1.0' ],
144 silly audit   'fast-check': [ '3.23.2' ],
144 silly audit   'fast-deep-equal': [ '3.1.3' ],
144 silly audit   'fast-glob': [ '3.3.1' ],
144 silly audit   'glob-parent': [ '5.1.2', '6.0.2' ],
144 silly audit   'fast-json-stable-stringify': [ '2.1.0' ],
144 silly audit   'fast-levenshtein': [ '2.0.6' ],
144 silly audit   fastq: [ '1.20.1' ],
144 silly audit   'file-entry-cache': [ '8.0.0' ],
144 silly audit   'fill-range': [ '7.1.1' ],
144 silly audit   'find-up': [ '5.0.0' ],
144 silly audit   'flat-cache': [ '4.0.1' ],
144 silly audit   flatted: [ '3.4.2' ],
144 silly audit   'for-each': [ '0.3.5' ],
144 silly audit   'framer-motion': [ '12.42.2' ],
144 silly audit   fsevents: [ '2.3.3' ],
144 silly audit   'function-bind': [ '1.1.2' ],
144 silly audit   'function.prototype.name': [ '1.2.0' ],
144 silly audit   'functions-have-names': [ '1.2.3' ],
144 silly audit   'generator-function': [ '2.0.1' ],
144 silly audit   'get-intrinsic': [ '1.3.0' ],
144 silly audit   'get-nonce': [ '1.0.1' ],
144 silly audit   'get-proto': [ '1.0.1' ],
144 silly audit   'get-symbol-description': [ '1.1.0' ],
144 silly audit   'get-tsconfig': [ '4.14.0' ],
144 silly audit   giget: [ '2.0.0' ],
144 silly audit   globals: [ '14.0.0' ],
144 silly audit   globalthis: [ '1.0.4' ],
144 silly audit   gopd: [ '1.2.0' ],
144 silly audit   'graceful-fs': [ '4.2.11' ],
144 silly audit   'has-bigints': [ '1.1.0' ],
144 silly audit   'has-flag': [ '4.0.0' ],
144 silly audit   'has-property-descriptors': [ '1.0.2' ],
144 silly audit   'has-proto': [ '1.2.0' ],
144 silly audit   'has-symbols': [ '1.1.0' ],
144 silly audit   'has-tostringtag': [ '1.0.2' ],
144 silly audit   hasown: [ '2.0.4' ],
144 silly audit   'import-fresh': [ '3.3.1' ],
144 silly audit   imurmurhash: [ '0.1.4' ],
144 silly audit   'internal-slot': [ '1.1.0' ],
144 silly audit   'is-array-buffer': [ '3.0.5' ],
144 silly audit   'is-async-function': [ '2.1.1' ],
144 silly audit   'is-bigint': [ '1.1.0' ],
144 silly audit   'is-boolean-object': [ '1.2.2' ],
144 silly audit   'is-bun-module': [ '2.0.0' ],
144 silly audit   'is-callable': [ '1.2.7' ],
144 silly audit   'is-core-module': [ '2.16.2' ],
144 silly audit   'is-data-view': [ '1.0.2' ],
144 silly audit   'is-date-object': [ '1.1.0' ],
144 silly audit   'is-document.all': [ '1.0.0' ],
144 silly audit   'is-extglob': [ '2.1.1' ],
144 silly audit   'is-finalizationregistry': [ '1.1.1' ],
144 silly audit   'is-generator-function': [ '1.1.2' ],
144 silly audit   'is-glob': [ '4.0.3' ],
144 silly audit   'is-map': [ '2.0.3' ],
144 silly audit   'is-negative-zero': [ '2.0.3' ],
144 silly audit   'is-number': [ '7.0.0' ],
144 silly audit   'is-number-object': [ '1.1.1' ],
144 silly audit   'is-regex': [ '1.2.1' ],
144 silly audit   'is-set': [ '2.0.3' ],
144 silly audit   'is-shared-array-buffer': [ '1.0.4' ],
144 silly audit   'is-string': [ '1.1.1' ],
144 silly audit   'is-symbol': [ '1.1.1' ],
144 silly audit   'is-typed-array': [ '1.1.15' ],
144 silly audit   'is-weakmap': [ '2.0.2' ],
144 silly audit   'is-weakref': [ '1.1.1' ],
144 silly audit   'is-weakset': [ '2.0.4' ],
144 silly audit   isarray: [ '2.0.5' ],
144 silly audit   isexe: [ '2.0.0' ],
144 silly audit   'iterator.prototype': [ '1.1.5' ],
144 silly audit   jiti: [ '2.7.0' ],
144 silly audit   'js-tokens': [ '4.0.0' ],
144 silly audit   'js-yaml': [ '4.3.0' ],
144 silly audit   'json-buffer': [ '3.0.1' ],
144 silly audit   'json-schema-traverse': [ '0.4.1' ],
144 silly audit   'json-stable-stringify-without-jsonify': [ '1.0.1' ],
144 silly audit   'jsx-ast-utils': [ '3.3.5' ],
144 silly audit   keyv: [ '4.5.4' ],
144 silly audit   'language-subtag-registry': [ '0.3.23' ],
144 silly audit   'language-tags': [ '1.0.9' ],
144 silly audit   levn: [ '0.4.1' ],
144 silly audit   lightningcss: [ '1.32.0' ],
144 silly audit   'lightningcss-android-arm64': [ '1.32.0' ],
144 silly audit   'lightningcss-darwin-arm64': [ '1.32.0' ],
144 silly audit   'lightningcss-darwin-x64': [ '1.32.0' ],
144 silly audit   'lightningcss-freebsd-x64': [ '1.32.0' ],
144 silly audit   'lightningcss-linux-arm-gnueabihf': [ '1.32.0' ],
144 silly audit   'lightningcss-linux-arm64-gnu': [ '1.32.0' ],
144 silly audit   'lightningcss-linux-arm64-musl': [ '1.32.0' ],
144 silly audit   'lightningcss-linux-x64-gnu': [ '1.32.0' ],
144 silly audit   'lightningcss-linux-x64-musl': [ '1.32.0' ],
144 silly audit   'lightningcss-win32-arm64-msvc': [ '1.32.0' ],
144 silly audit   'lightningcss-win32-x64-msvc': [ '1.32.0' ],
144 silly audit   'locate-path': [ '6.0.0' ],
144 silly audit   'lodash.merge': [ '4.6.2' ],
144 silly audit   'loose-envify': [ '1.4.0' ],
144 silly audit   'lucide-react': [ '0.542.0' ],
144 silly audit   'magic-string': [ '0.30.21' ],
144 silly audit   'math-intrinsics': [ '1.1.0' ],
144 silly audit   merge2: [ '1.4.1' ],
144 silly audit   micromatch: [ '4.0.8' ],
144 silly audit   minimist: [ '1.2.8' ],
144 silly audit   'motion-dom': [ '12.42.2' ],
144 silly audit   'motion-utils': [ '12.39.0' ],
144 silly audit   ms: [ '2.1.3' ],
144 silly audit   nanoid: [ '3.3.16' ],
144 silly audit   'napi-postinstall': [ '0.3.4' ],
144 silly audit   'natural-compare': [ '1.4.0' ],
144 silly audit   next: [ '15.5.20' ],
144 silly audit   postcss: [ '8.4.31', '8.5.17' ],
144 silly audit   'node-exports-info': [ '1.6.2' ],
144 silly audit   'node-fetch-native': [ '1.6.7' ],
144 silly audit   nypm: [ '0.6.8' ],
144 silly audit   'object-assign': [ '4.1.1' ],
144 silly audit   'object-inspect': [ '1.13.4' ],
144 silly audit   'object-keys': [ '1.1.1' ],
144 silly audit   'object.assign': [ '4.1.7' ],
144 silly audit   'object.entries': [ '1.1.9' ],
144 silly audit   'object.fromentries': [ '2.0.8' ],
144 silly audit   'object.groupby': [ '1.0.3' ],
144 silly audit   'object.values': [ '1.2.1' ],
144 silly audit   ohash: [ '2.0.11' ],
144 silly audit   optionator: [ '0.9.4' ],
144 silly audit   'own-keys': [ '1.0.1' ],
144 silly audit   'p-limit': [ '3.1.0' ],
144 silly audit   'p-locate': [ '5.0.0' ],
144 silly audit   'parent-module': [ '1.0.1' ],
144 silly audit   'path-exists': [ '4.0.0' ],
144 silly audit   'path-key': [ '3.1.1' ],
144 silly audit   'path-parse': [ '1.0.7' ],
144 silly audit   pathe: [ '2.0.3' ],
144 silly audit   'perfect-debounce': [ '1.0.0' ],
144 silly audit   picocolors: [ '1.1.1' ],
144 silly audit   picomatch: [ '2.3.2', '4.0.5' ],
144 silly audit   'pkg-types': [ '2.3.1' ],
144 silly audit   'possible-typed-array-names': [ '1.1.0' ],
144 silly audit   'prelude-ls': [ '1.2.1' ],
144 silly audit   prettier: [ '3.9.5' ],
144 silly audit   prisma: [ '6.19.3' ],
144 silly audit   'prop-types': [ '15.8.1' ],
144 silly audit   punycode: [ '2.3.1' ],
144 silly audit   'pure-rand': [ '6.1.0' ],
144 silly audit   'queue-microtask': [ '1.2.3' ],
144 silly audit   rc9: [ '2.1.2' ],
144 silly audit   react: [ '19.2.4' ],
144 silly audit   'react-dom': [ '19.2.4' ],
144 silly audit   'react-hook-form': [ '7.81.0' ],
144 silly audit   'react-is': [ '16.13.1' ],
144 silly audit   'react-remove-scroll': [ '2.7.2' ],
144 silly audit   'react-remove-scroll-bar': [ '2.3.8' ],
144 silly audit   'react-style-singleton': [ '2.2.3' ],
144 silly audit   readdirp: [ '4.1.2' ],
144 silly audit   'reflect.getprototypeof': [ '1.0.10' ],
144 silly audit   'regexp.prototype.flags': [ '1.5.4' ],
144 silly audit   resolve: [ '2.0.0-next.7' ],
144 silly audit   'resolve-from': [ '4.0.0' ],
144 silly audit   'resolve-pkg-maps': [ '1.0.0' ],
144 silly audit   reusify: [ '1.1.0' ],
144 silly audit   'run-parallel': [ '1.2.0' ],
144 silly audit   'safe-array-concat': [ '1.1.4' ],
144 silly audit   'safe-push-apply': [ '1.0.0' ],
144 silly audit   'safe-regex-test': [ '1.1.0' ],
144 silly audit   scheduler: [ '0.27.0' ],
144 silly audit   'set-function-length': [ '1.2.2' ],
144 silly audit   'set-function-name': [ '2.0.2' ],
144 silly audit   'set-proto': [ '1.0.0' ],
144 silly audit   sharp: [ '0.34.5' ],
144 silly audit   'shebang-command': [ '2.0.0' ],
144 silly audit   'shebang-regex': [ '3.0.0' ],
144 silly audit   'side-channel': [ '1.1.1' ],
144 silly audit   'side-channel-list': [ '1.0.1' ],
144 silly audit   'side-channel-map': [ '1.0.1' ],
144 silly audit   'side-channel-weakmap': [ '1.0.2' ],
144 silly audit   'source-map-js': [ '1.2.1' ],
144 silly audit   'stable-hash': [ '0.0.5' ],
144 silly audit   'stop-iteration-iterator': [ '1.1.0' ],
144 silly audit   'string.prototype.includes': [ '2.0.1' ],
144 silly audit   'string.prototype.matchall': [ '4.0.12' ],
144 silly audit   'string.prototype.repeat': [ '1.0.0' ],
144 silly audit   'string.prototype.trim': [ '1.2.11' ],
144 silly audit   'string.prototype.trimend': [ '1.0.10' ],
144 silly audit   'string.prototype.trimstart': [ '1.0.8' ],
144 silly audit   'strip-bom': [ '3.0.0' ],
144 silly audit   'strip-json-comments': [ '3.1.1' ],
144 silly audit   'styled-jsx': [ '5.1.6' ],
144 silly audit   'supports-color': [ '7.2.0' ],
144 silly audit   'supports-preserve-symlinks-flag': [ '1.0.0' ],
144 silly audit   'tailwind-merge': [ '3.6.0' ],
144 silly audit   tailwindcss: [ '4.3.2' ],
144 silly audit   tapable: [ '2.3.3' ],
144 silly audit   tinyexec: [ '1.2.4' ],
144 silly audit   tinyglobby: [ '0.2.17' ],
144 silly audit   fdir: [ '6.5.0' ],
144 silly audit   'to-regex-range': [ '5.0.1' ],
144 silly audit   'ts-api-utils': [ '2.5.0' ],
144 silly audit   'tsconfig-paths': [ '3.15.0' ],
144 silly audit   json5: [ '1.0.2' ],
144 silly audit   tslib: [ '2.8.1' ],
144 silly audit   tsx: [ '4.23.0' ],
144 silly audit   'type-check': [ '0.4.0' ],
144 silly audit   'typed-array-buffer': [ '1.0.3' ],
144 silly audit   'typed-array-byte-length': [ '1.0.3' ],
144 silly audit   'typed-array-byte-offset': [ '1.0.4' ],
144 silly audit   'typed-array-length': [ '1.0.8' ],
144 silly audit   typescript: [ '5.9.3' ],
144 silly audit   'unbox-primitive': [ '1.1.0' ],
144 silly audit   'undici-types': [ '7.18.2' ],
144 silly audit   'unrs-resolver': [ '1.12.2' ],
144 silly audit   'uri-js': [ '4.4.1' ],
144 silly audit   'use-callback-ref': [ '1.3.3' ],
144 silly audit   'use-sidecar': [ '1.1.3' ],
144 silly audit   which: [ '2.0.2' ],
144 silly audit   'which-boxed-primitive': [ '1.1.1' ],
144 silly audit   'which-builtin-type': [ '1.2.1' ],
144 silly audit   'which-collection': [ '1.0.2' ],
144 silly audit   'which-typed-array': [ '1.1.22' ],
144 silly audit   'word-wrap': [ '1.2.5' ],
144 silly audit   'yocto-queue': [ '0.1.0' ],
144 silly audit   zod: [ '4.4.3' ],
144 silly audit   '@libsql/client': [ '0.17.4' ],
144 silly audit   '@prisma/adapter-libsql': [ '7.8.0' ],
144 silly audit   '@libsql/core': [ '0.17.4' ],
144 silly audit   '@libsql/hrana-client': [ '0.10.0' ],
144 silly audit   'js-base64': [ '3.8.1' ],
144 silly audit   libsql: [ '0.5.29' ],
144 silly audit   'promise-limit': [ '2.7.0' ],
144 silly audit   '@libsql/isomorphic-ws': [ '0.1.5' ],
144 silly audit   '@types/ws': [ '8.18.1' ],
144 silly audit   ws: [ '8.21.0' ],
144 silly audit   '@prisma/driver-adapter-utils': [ '7.8.0' ],
144 silly audit   'async-mutex': [ '0.5.0' ],
144 silly audit   '@libsql/darwin-arm64': [ '0.5.29' ],
144 silly audit   '@libsql/darwin-x64': [ '0.5.29' ],
144 silly audit   '@libsql/linux-arm-gnueabihf': [ '0.5.29' ],
144 silly audit   '@libsql/linux-arm-musleabihf': [ '0.5.29' ],
144 silly audit   '@libsql/linux-arm64-gnu': [ '0.5.29' ],
144 silly audit   '@libsql/linux-arm64-musl': [ '0.5.29' ],
144 silly audit   '@libsql/linux-x64-gnu': [ '0.5.29' ],
144 silly audit   '@libsql/linux-x64-musl': [ '0.5.29' ],
144 silly audit   '@libsql/win32-x64-msvc': [ '0.5.29' ],
144 silly audit   '@neon-rs/load': [ '0.0.4' ]
144 silly audit }
145 http cache @libsql/darwin-arm64@https://registry.npmjs.org/@libsql/darwin-arm64/-/darwin-arm64-0.5.29.tgz 0ms (cache hit)
146 http cache @neon-rs/load@https://registry.npmjs.org/@neon-rs/load/-/load-0.0.4.tgz 0ms (cache hit)
147 http cache async-mutex@https://registry.npmjs.org/async-mutex/-/async-mutex-0.5.0.tgz 0ms (cache hit)
148 http cache ws@https://registry.npmjs.org/ws/-/ws-8.21.0.tgz 0ms (cache hit)
149 http cache @types/ws@https://registry.npmjs.org/@types/ws/-/ws-8.18.1.tgz 0ms (cache hit)
150 http cache @libsql/isomorphic-ws@https://registry.npmjs.org/@libsql/isomorphic-ws/-/isomorphic-ws-0.1.5.tgz 0ms (cache hit)
151 http cache promise-limit@https://registry.npmjs.org/promise-limit/-/promise-limit-2.7.0.tgz 0ms (cache hit)
152 http cache libsql@https://registry.npmjs.org/libsql/-/libsql-0.5.29.tgz 0ms (cache hit)
153 http cache js-base64@https://registry.npmjs.org/js-base64/-/js-base64-3.8.1.tgz 0ms (cache hit)
154 http cache @libsql/hrana-client@https://registry.npmjs.org/@libsql/hrana-client/-/hrana-client-0.10.0.tgz 0ms (cache hit)
155 http cache @libsql/core@https://registry.npmjs.org/@libsql/core/-/core-0.17.4.tgz 0ms (cache hit)
156 http cache @prisma/adapter-libsql@https://registry.npmjs.org/@prisma/adapter-libsql/-/adapter-libsql-7.8.0.tgz 0ms (cache hit)
157 http cache @libsql/client@https://registry.npmjs.org/@libsql/client/-/client-0.17.4.tgz 0ms (cache hit)
158 http cache fsevents@https://registry.npmjs.org/fsevents/-/fsevents-2.3.3.tgz 0ms (cache hit)
159 http cache detect-libc@https://registry.npmjs.org/detect-libc/-/detect-libc-2.0.2.tgz 0ms (cache hit)
160 http cache @prisma/driver-adapter-utils@https://registry.npmjs.org/@prisma/driver-adapter-utils/-/driver-adapter-utils-7.8.0.tgz 0ms (cache hit)
161 http cache @prisma/debug@https://registry.npmjs.org/@prisma/debug/-/debug-7.8.0.tgz 0ms (cache hit)
162 silly tarball no local data for @libsql/darwin-arm64@https://registry.npmjs.org/@libsql/darwin-arm64/-/darwin-arm64-0.5.29.tgz. Extracting by manifest.
163 silly tarball no local data for @neon-rs/load@https://registry.npmjs.org/@neon-rs/load/-/load-0.0.4.tgz. Extracting by manifest.
164 silly tarball no local data for async-mutex@https://registry.npmjs.org/async-mutex/-/async-mutex-0.5.0.tgz. Extracting by manifest.
165 silly tarball no local data for ws@https://registry.npmjs.org/ws/-/ws-8.21.0.tgz. Extracting by manifest.
166 silly tarball no local data for @types/ws@https://registry.npmjs.org/@types/ws/-/ws-8.18.1.tgz. Extracting by manifest.
167 silly tarball no local data for @libsql/isomorphic-ws@https://registry.npmjs.org/@libsql/isomorphic-ws/-/isomorphic-ws-0.1.5.tgz. Extracting by manifest.
168 silly tarball no local data for promise-limit@https://registry.npmjs.org/promise-limit/-/promise-limit-2.7.0.tgz. Extracting by manifest.
169 silly tarball no local data for libsql@https://registry.npmjs.org/libsql/-/libsql-0.5.29.tgz. Extracting by manifest.
170 silly tarball no local data for js-base64@https://registry.npmjs.org/js-base64/-/js-base64-3.8.1.tgz. Extracting by manifest.
171 silly tarball no local data for @libsql/hrana-client@https://registry.npmjs.org/@libsql/hrana-client/-/hrana-client-0.10.0.tgz. Extracting by manifest.
172 silly tarball no local data for @libsql/core@https://registry.npmjs.org/@libsql/core/-/core-0.17.4.tgz. Extracting by manifest.
173 silly tarball no local data for @prisma/adapter-libsql@https://registry.npmjs.org/@prisma/adapter-libsql/-/adapter-libsql-7.8.0.tgz. Extracting by manifest.
174 silly tarball no local data for @libsql/client@https://registry.npmjs.org/@libsql/client/-/client-0.17.4.tgz. Extracting by manifest.
175 silly tarball no local data for fsevents@https://registry.npmjs.org/fsevents/-/fsevents-2.3.3.tgz. Extracting by manifest.
176 silly tarball no local data for detect-libc@https://registry.npmjs.org/detect-libc/-/detect-libc-2.0.2.tgz. Extracting by manifest.
177 silly tarball no local data for @prisma/driver-adapter-utils@https://registry.npmjs.org/@prisma/driver-adapter-utils/-/driver-adapter-utils-7.8.0.tgz. Extracting by manifest.
178 silly tarball no local data for @prisma/debug@https://registry.npmjs.org/@prisma/debug/-/debug-7.8.0.tgz. Extracting by manifest.
179 http fetch GET 200 https://registry.npmjs.org/libsql/-/libsql-0.5.29.tgz 33ms (cache miss)
180 http fetch GET 200 https://registry.npmjs.org/js-base64/-/js-base64-3.8.1.tgz 33ms (cache miss)
181 http fetch GET 200 https://registry.npmjs.org/promise-limit/-/promise-limit-2.7.0.tgz 34ms (cache miss)
182 http fetch GET 200 https://registry.npmjs.org/ws/-/ws-8.21.0.tgz 38ms (cache miss)
183 http fetch GET 200 https://registry.npmjs.org/async-mutex/-/async-mutex-0.5.0.tgz 39ms (cache miss)
184 http fetch GET 200 https://registry.npmjs.org/detect-libc/-/detect-libc-2.0.2.tgz 53ms (cache miss)
185 http fetch GET 200 https://registry.npmjs.org/fsevents/-/fsevents-2.3.3.tgz 88ms (cache miss)
186 http fetch POST 200 https://registry.npmjs.org/-/npm/v1/security/advisories/bulk 152ms
187 silly audit report {
187 silly audit report   postcss: [
187 silly audit report     {
187 silly audit report       id: 1117015,
187 silly audit report       url: 'https://github.com/advisories/GHSA-qx2v-qp2m-jg93',
187 silly audit report       title: 'PostCSS has XSS via Unescaped </style> in its CSS Stringify Output',
187 silly audit report       severity: 'moderate',
187 silly audit report       vulnerable_versions: '<8.5.10',
187 silly audit report       cwe: [Array],
187 silly audit report       cvss: [Object]
187 silly audit report     }
187 silly audit report   ]
187 silly audit report }
188 silly packumentCache corgi:https://registry.npmjs.org/postcss cache-miss
189 http fetch GET 200 https://registry.npmjs.org/@libsql/isomorphic-ws/-/isomorphic-ws-0.1.5.tgz 179ms (cache miss)
190 http fetch GET 200 https://registry.npmjs.org/postcss 35ms (cache miss)
191 silly packumentCache corgi:https://registry.npmjs.org/postcss set size:undefined disposed:false
192 http fetch GET 200 https://registry.npmjs.org/@types/ws/-/ws-8.18.1.tgz 184ms (cache miss)
193 silly packumentCache corgi:https://registry.npmjs.org/next cache-miss
194 http fetch GET 200 https://registry.npmjs.org/@neon-rs/load/-/load-0.0.4.tgz 187ms (cache miss)
195 http fetch GET 200 https://registry.npmjs.org/@prisma/driver-adapter-utils/-/driver-adapter-utils-7.8.0.tgz 191ms (cache miss)
196 http fetch GET 200 https://registry.npmjs.org/@prisma/debug/-/debug-7.8.0.tgz 194ms (cache miss)
197 http fetch GET 200 https://registry.npmjs.org/@libsql/client/-/client-0.17.4.tgz 244ms (cache miss)
198 http fetch GET 200 https://registry.npmjs.org/@libsql/core/-/core-0.17.4.tgz 251ms (cache miss)
199 http fetch GET 200 https://registry.npmjs.org/@libsql/darwin-arm64/-/darwin-arm64-0.5.29.tgz 256ms (cache miss)
200 http fetch GET 200 https://registry.npmjs.org/@libsql/hrana-client/-/hrana-client-0.10.0.tgz 270ms (cache miss)
201 http fetch GET 200 https://registry.npmjs.org/@prisma/adapter-libsql/-/adapter-libsql-7.8.0.tgz 279ms (cache miss)
202 http fetch GET 200 https://registry.npmjs.org/next 355ms (cache miss)
203 silly packumentCache corgi:https://registry.npmjs.org/next set size:undefined disposed:false
204 silly ADD node_modules/@neon-rs/load
205 silly ADD node_modules/@libsql/darwin-arm64
206 silly ADD node_modules/async-mutex
207 silly ADD node_modules/@prisma/driver-adapter-utils
208 silly ADD node_modules/@prisma/driver-adapter-utils/node_modules/@prisma/debug
209 silly ADD node_modules/ws
210 silly ADD node_modules/@types/ws
211 silly ADD node_modules/@libsql/isomorphic-ws
212 silly ADD node_modules/promise-limit
213 silly ADD node_modules/libsql
214 silly ADD node_modules/libsql/node_modules/detect-libc
215 silly ADD node_modules/js-base64
216 silly ADD node_modules/@libsql/hrana-client
217 silly ADD node_modules/@libsql/core
218 silly ADD node_modules/@prisma/adapter-libsql
219 silly ADD node_modules/@libsql/client
220 silly ADD node_modules/fsevents
221 warn allow-scripts 7 packages have install scripts not yet covered by allowScripts:
221 warn allow-scripts   @prisma/client@6.19.3 (postinstall: node scripts/postinstall.js)
221 warn allow-scripts   @prisma/engines@6.19.3 (postinstall: node scripts/postinstall.js)
221 warn allow-scripts   esbuild@0.28.1 (postinstall: node install.js)
221 warn allow-scripts   fsevents@2.3.3 (install: (install scripts present))
221 warn allow-scripts   prisma@6.19.3 (preinstall: node scripts/preinstall-entry.js)
221 warn allow-scripts   sharp@0.34.5 (install: node install/check.js || npm run build)
221 warn allow-scripts   unrs-resolver@1.12.2 (postinstall: node postinstall.js)
221 warn allow-scripts
221 warn allow-scripts Run `npm approve-scripts --allow-scripts-pending` to review, or `npm approve-scripts <pkg>` to allow.
222 verbose cwd /Users/andflorezr/Documents/andersson/camp_score
223 verbose os Darwin 24.1.0
224 verbose node v25.3.0
225 verbose npm  v11.17.0
226 notice
226 notice New [33mminor[39m version of npm available! [33m11.17.0[39m -> [34m11.18.0[39m
226 notice Changelog: [34mhttps://github.com/npm/cli/releases/tag/v11.18.0[39m
226 notice To update run: [4mnpm install -g npm@11.18.0[24m
226 notice  { force: true, Symbol(proc-log.meta): true }
227 verbose exit 0
228 info ok
